<?xml version="1.0" encoding="UTF-8"?>
<beans xmlns="http://www.springframework.org/schema/beans" 
       xmlns:xsi="http://www.w3.org/2001/XMLSchema-instance" 
       xmlns:context="http://www.springframework.org/schema/context" 
       xmlns:aop="http://www.springframework.org/schema/aop" 
       xmlns:util="http://www.springframework.org/schema/util" 
       xsi:schemaLocation="http://www.springframework.org/schema/beans http://www.springframework.org/schema/beans/spring-beans.xsd 
       http://www.springframework.org/schema/context http://www.springframework.org/schema/context/spring-context.xsd 
       http://www.springframework.org/schema/aop http://www.springframework.org/schema/aop/spring-aop.xsd 
       http://www.springframework.org/schema/util http://www.springframework.org/schema/util/spring-util.xsd">

    <!-- Turn on AspectJ @Configurable support -->
    <context:spring-configured />
    <context:annotation-config />
    <context:component-scan base-package="fi.vm.sade.tarjonta.data" />
    <context:component-scan base-package="fi.vm.sade.security" />
    
    <!-- Turn on @Autowired, @PostConstruct etc support -->
    <bean class="org.springframework.beans.factory.annotation.AutowiredAnnotationBeanPostProcessor" />
    <bean class="org.springframework.context.annotation.CommonAnnotationBeanPostProcessor" />

    <!--
      Load configuration settings
    -->
    <import resource="service-context.xml" />
    <import resource="dao-context.xml" />

</beans>
