<?xml version="1.0" encoding="UTF-8"?>
<!--
    Simple test case that contains one koodisto code which should be enriched by Koodisto service.
-->
<LearningOpportunityDownloadData>

    <LearningOpportunityInstance>

        <Duration>
            <Units>
                <Code scheme="Koodisto" version="1">KESTO_KUUKAUTTA</Code>
            </Units>
            <Value>40</Value>
        </Duration>

    </LearningOpportunityInstance>

</LearningOpportunityDownloadData>
