<?xml version="1.0" standalone="yes"?>

<a:LearningOpportunityDownloadData xsi:schemaLocation="http://publication.tarjonta.sade.vm.fi/types  ../../main/resources/wsdl/learningServiceCommon.xsd" xmlns="http://publication.tarjonta.sade.vm.fi/types" xmlns:xsi="http://www.w3.org/2001/XMLSchema-instance">





    <LearningOpportunitySpecification id="S1508" type="DegreeProgramme">


        <Name xml:lang="fi">Ensihoidon koulutusohjelma</Name>


        <Identifier>1508</Identifier>

        <OrganizationRef>
            <OidRef>1.2.3.4.5</OidRef>
        </OrganizationRef>


        <OfferedBy ref="P1"></OfferedBy>


        <Credits unit="CreditUnits">120</Credits>


        <Qualification>
            <Title>l&#228;hihoitaja</Title>
        </Qualification>


        <DegreeTitle>sosiaali- ja terveysalan pt</DegreeTitle>

        <Classification>


            <EducationClassification>
                <Code scheme="Koodisto" version="2010">371101</Code>
                <Label xml:lang="fi">L&#228;hihoitaja, sosiaali- ja terveysalan perustutkinto</Label>
            <Label xml:lang="fi" xmlns="">Nimi</Label><Label xml:lang="sv" xmlns="">Namn</Label><Label xml:lang="en" xmlns="">Name</Label></EducationClassification>


            <EducationDomain>
                <Code scheme="OPH" version="2002">7</Code>
                <Label>sosiaali- terveys- ja liikunta-ala</Label>
            </EducationDomain>


            <EducationDegree>
                <Code scheme="Koodisto" version="2002">32</Code>
                <Label>Ammatillinen koulutus</Label>
            </EducationDegree>


            <StudyDomain>
                <Code scheme="OPH" version="2002">703</Code>
                <Label>sosiaali- ja terveysala</Label>
            </StudyDomain>


            <EqfClassification>
                <Code scheme="EQF">4</Code>
            </EqfClassification>


            <NqfClassification>
                <Code scheme="NQF">4</Code>
            </NqfClassification>


        </Classification>

        <Description>


            <StructureDiagram>
                Jos opintotarjontaa ei ole kannassa tekstuaalinen kuvaus:
                Tutkinnon kaikille pakolliset tutkinnon osat ovat kasvun
                tukeminen ja ohjaus (15 ov), hoito ja huolenpito (20 ov)
                ja kuntoutumisen tukeminen (15 ov).&#160; Lis&#228;ksi suoritetaan
                valitun koulutusohjelman/osaamisalan pakolliset tutkinnon
                osat. Ensihoidon koulutusohjelman/osaamisalan pakollinen
                tutkinnon osa on ensihoitopalvelussa toimiminen (20 ov)
                ja lis&#228;ksi valinnainen joko p&#228;ivystyspolikliininen hoitoty&#246;
                (10 ov) tai perioperatiivinen hoitoty&#246; (10 ov).
            </StructureDiagram>


            <AccessToFurtherStudies>
                Ammatillinen perustutkinto antaa yleisen korkeakoulukelpoisuuden.
            </AccessToFurtherStudies>

        </Description>

    </LearningOpportunitySpecification>






    <LearningOpportunitySpecification id="S1598" type="DegreeProgramme">


        <Name xml:lang="fi">Kuntoutuksen koulutusohjelma</Name>


        <Identifier>1598</Identifier>


        <OrganizationRef>
            <OidRef>1.2.3.4.5</OidRef>
        </OrganizationRef>


        <Credits unit="CreditUnits">120</Credits>


        <Qualification>
            <Title>l&#228;hihoitaja</Title>
        </Qualification>


        <DegreeTitle>sosiaali- ja terveysalan pt</DegreeTitle>

        <Classification>


            <EducationClassification>
                <Code scheme="OPH" version="2010">371101</Code>
                <Label xml:lang="fi">L&#228;hihoitaja, sosiaali- ja terveysalan perustutkinto</Label>
            </EducationClassification>


            <EducationDomain>
                <Code scheme="OPH" version="2002">7</Code>
                <Label>sosiaali- terveys- ja liikunta-ala</Label>
            </EducationDomain>


            <EducationDegree>
                <Code scheme="OPH" version="2002">32</Code>
                <Label>Ammatillinen koulutus</Label>
            </EducationDegree>


            <StudyDomain>
                <Code scheme="OPH" version="2002">703</Code>
                <Label>sosiaali- ja terveysala</Label>
            </StudyDomain>


            <EqfClassification>
                <Code scheme="EQF">4</Code>
            </EqfClassification>


            <NqfClassification>
                <Code scheme="NQF">4</Code>
            </NqfClassification>

        </Classification>

        <Description>


            <StructureDiagram>
                Tutkinnon kaikille pakolliset tutkinnon osat ovat kasvun tukeminen ja ohjaus (15 ov),
                hoito ja huolenpito (20 ov) ja kuntoutumisen tukeminen (15 ov).&#160; Lis&#228;ksi suoritetaan
                valitun koulutusohjelman/osaamisalan pakolliset tutkinnon osat. Ensihoidon
                koulutusohjelman/osaamisalan pakollinen tutkinnon osa on ensihoitopalvelussa toimiminen
                (20 ov) ja lis&#228;ksi valinnainen joko p&#228;ivystyspolikliininen hoitoty&#246; (10 ov) tai
                perioperatiivinen hoitoty&#246; (10 ov).
            </StructureDiagram>


            <AccessToFurtherStudies>
                Ammatillinen perustutkinto antaa yleisen korkeakoulukelpoisuuden.
            </AccessToFurtherStudies>

        </Description>

    </LearningOpportunitySpecification>






    <LearningOpportunitySpecification id="S1514" type="DegreeProgramme">


        <Name xml:lang="fi">Vanhusty&#246;n koulutusohjelma</Name>


        <Identifier>1514</Identifier>


        <OrganizationRef>
            <OidRef>1.2.3.4.5</OidRef>
        </OrganizationRef>


        <Credits unit="CreditUnits">120</Credits>


        <Qualification>
            <Title>l&#228;hihoitaja</Title>
        </Qualification>


        <DegreeTitle>sosiaali- ja terveysalan pt</DegreeTitle>

        <Classification>



            <EducationClassification>
                <Code scheme="OPH" version="2010">371101</Code>
                <Label xml:lang="fi">L&#228;hihoitaja, sosiaali- ja terveysalan perustutkinto</Label>
            </EducationClassification>


            <EducationDomain>
                <Code scheme="OPH" version="2002">7</Code>
                <Label>sosiaali- terveys- ja liikunta-ala</Label>
            </EducationDomain>


            <EducationDegree>
                <Code scheme="OPH" version="2002">32</Code>
                <Label>Ammatillinen koulutus</Label>
            </EducationDegree>


            <StudyDomain>
                <Code scheme="OPH" version="2002">703</Code>
                <Label>sosiaali- ja terveysala</Label>
            </StudyDomain>


            <EqfClassification>
                <Code scheme="EQF">4</Code>
            </EqfClassification>


            <NqfClassification>
                <Code scheme="NQF">4</Code>
            </NqfClassification>

        </Classification>

        <Description>


            <StructureDiagram>
                Tutkinnon kaikille pakolliset tutkinnon osat ovat kasvun tukeminen ja ohjaus (15 ov),
                hoito ja huolenpito (20 ov) ja kuntoutumisen tukeminen (15 ov).&#160; Lis&#228;ksi suoritetaan
                valitun koulutusohjelman/osaamisalan pakolliset tutkinnon osat. Ensihoidon
                koulutusohjelman/osaamisalan pakollinen tutkinnon osa on ensihoitopalvelussa toimiminen
                (20 ov) ja lis&#228;ksi valinnainen joko p&#228;ivystyspolikliininen hoitoty&#246; (10 ov) tai
                perioperatiivinen hoitoty&#246; (10 ov).
            </StructureDiagram>


            <AccessToFurtherStudies>
                Ammatillinen perustutkinto antaa yleisen korkeakoulukelpoisuuden.
            </AccessToFurtherStudies>

        </Description>

    </LearningOpportunitySpecification>





    <LearningOpportunityInstance id="I1508YO">


        <Identifier>T1508</Identifier>


        <SpecificationRef ref="S1508"></SpecificationRef>


        <OrganizationRef>
            <OidRef>1.2.3.4.5</OidRef>
        </OrganizationRef>



        <Prerequisite>
            Ylioppilas tai lukion suorittanut
        </Prerequisite>


        <ProfessionLabels>
            <Profession>
                <Code scheme="Koodisto">uri:ammattinimike/lahihoitaja</Code>
                <Label>L&#228;hihoitaja</Label>
            </Profession>
            <Profession>
                <Code scheme="Koodisto">uri:ammattinimike/perushoitaja</Code>
                <Label>Perushoitaja</Label>
            </Profession>
            <Profession>
                <Code scheme="Koodisto">uri:ammattinimike/ensihoitaja</Code>
                <Label>Ensihoitaja</Label>
            </Profession>
        </ProfessionLabels>


        <Keywords>
            <Keyword>
                <Label>L&#228;hihoitaja</Label>
            </Keyword>
            <Keyword>
                <Label>Hoiva-ala</Label>
            </Keyword>
            <Keyword>
                <Label>Sosiaali- ja terveys</Label>
            </Keyword>
            <Keyword>
                <Label>Ensihoito</Label>
            </Keyword>
            <Keyword>
                <Label>Ambulanssi</Label>
            </Keyword>
        </Keywords>


        <LanguagesOfInstruction scheme="ISO-639-1">


            <Code value="fi">
                <Label xml:lang="fi">suomi</Label>
            </Code>

        </LanguagesOfInstruction>


        <FormOfEducation scheme="Koodisto">
            <Code value="http://koodistopalvelu.opintopolku.fi/koulutusLaj/1">
                <Label>nuorten koulutus</Label>
            </Code>
        </FormOfEducation>


        <FormsOfTeaching scheme="Koodisto">

            <Code value="http://koodistopalvelu.opintopolku.fi/opetusmuoto/1">
                <Label>l&#228;hiopetus</Label>
            </Code>

        </FormsOfTeaching>


        <StartDate>2014-09-14</StartDate>


        <AcademicYear>2014</AcademicYear>


        <Duration>P2Y</Duration>


        <Assessments>


            <Assessment xml:lang="fi">
                Lorem Lipsum
            </Assessment>

        </Assessments>


        <FinalExamination>

            <Description xml:lang="fi">
                Lorem Lipsum
            </Description>

        </FinalExamination>


        <CostOfEducation>


            <NoCost></NoCost>



        </CostOfEducation>


        <Scholarship>


            <Description xml:lang="fi">
                Lorem Lipsum
            </Description>

        </Scholarship>



        <WebLinks>


            <Link type="HOME">
                <Label xml:lang="fi">Oppilaitoksen sivut</Label>
                <Uri>http://www.hel.fi/hki/Hesote/fi/Etusivu</Uri>
            </Link>

        </WebLinks>

    </LearningOpportunityInstance>






    <LearningOpportunityInstance id="I1508PK">


        <Identifier>T1508</Identifier>


        <SpecificationRef ref="S1508"></SpecificationRef>


        <OrganizationRef>
            <OidRef>1.2.3.4.5</OidRef>
        </OrganizationRef>



        <Prerequisite>
            Perusopetuksen oppim&#228;&#228;r&#228;. Ylioppilaat ja lukion suorittaneet eiv&#228;t hakukelpoisia.
        </Prerequisite>


        <ProfessionLabels>
            <Profession>
                <Code scheme="Koodisto">uri:ammattinimike/lahihoitaja</Code>
                <Label>L&#228;hihoitaja</Label>
            </Profession>
            <Profession>
                <Code scheme="Koodisto">uri:ammattinimike/perushoitaja</Code>
                <Label>Perushoitaja</Label>
            </Profession>
            <Profession>
                <Code scheme="Koodisto">uri:ammattinimike/ensihoitaja</Code>
                <Label>Ensihoitaja</Label>
            </Profession>
        </ProfessionLabels>


        <Keywords>
            <Keyword>
                <Label>L&#228;hihoitaja</Label>
            </Keyword>
            <Keyword>
                <Label>Hoiva-ala</Label>
            </Keyword>
            <Keyword>
                <Label>Sosiaali- ja terveys</Label>
            </Keyword>
            <Keyword>
                <Label>Ensihoito</Label>
            </Keyword>
            <Keyword>
                <Label>Ambulanssi</Label>
            </Keyword>
        </Keywords>


        <LanguagesOfInstruction scheme="ISO-639-1">


            <Code value="fi"></Code>

        </LanguagesOfInstruction>


        <FormOfEducation scheme="Koodisto">
            <Code value="http://koodistopalvelu.opintopolku.fi/koulutusLaj/1">
                <Label>nuorten koulutus</Label>
            </Code>
        </FormOfEducation>


        <FormsOfTeaching scheme="Koodisto">

            <Code value="http://koodistopalvelu.opintopolku.fi/opetusmuoto/1">
                <Label>l&#228;hiopetus</Label>
            </Code>

        </FormsOfTeaching>


        <StartDate>2014-09-14</StartDate>


        <AcademicYear>2014</AcademicYear>


        <Duration>P3Y</Duration>


        <Assessments>


            <Assessment xml:lang="fi">
                Lorem Lipsum
            </Assessment>

        </Assessments>


        <FinalExamination>

            <Description xml:lang="fi">
                Lorem Lipsum
            </Description>

        </FinalExamination>


        <CostOfEducation>


            <NoCost></NoCost>



        </CostOfEducation>


        <Scholarship>


            <Description xml:lang="fi">
                Lorem Lipsum
            </Description>

        </Scholarship>



        <WebLinks>


            <Link type="HOME">
                <Label xml:lang="fi">Oppilaitoksen sivut</Label>
                <Uri>http://www.hel.fi/hki/Hesote/fi/Etusivu</Uri>
            </Link>

        </WebLinks>

    </LearningOpportunityInstance>







    <LearningOpportunityInstance id="I1514PK">


        <Identifier>T1514PK</Identifier>


        <SpecificationRef ref="S1514"></SpecificationRef>


        <OrganizationRef>
            <OidRef>1.2.3.4.5</OidRef>
        </OrganizationRef>


        <Prerequisite>
            Perusopetuksen oppim&#228;&#228;r&#228;. Ylioppilaat ja lukion suorittaneet eiv&#228;t hakukelpoisia.
        </Prerequisite>


        <ProfessionLabels>
            <Profession>
                <Code scheme="Koodisto">uri:ammattinimike/lahihoitaja</Code>
                <Label>L&#228;hihoitaja</Label>
            </Profession>
            <Profession>
                <Code scheme="Koodisto">uri:ammattinimike/perushoitaja</Code>
                <Label>Perushoitaja</Label>
            </Profession>
        </ProfessionLabels>


        <Keywords>
            <Keyword>
                <Label>L&#228;hihoitaja</Label>
            </Keyword>
            <Keyword>
                <Label>Hoiva-ala</Label>
            </Keyword>
            <Keyword>
                <Label>Sosiaali- ja terveys</Label>
            </Keyword>
            <Keyword>
                <Label>Vanhusty&#246;</Label>
            </Keyword>
            <Keyword>
                <Label>geriatria</Label>
            </Keyword>
        </Keywords>


        <LanguagesOfInstruction scheme="ISO-639-1">


            <Code value="fi"></Code>

        </LanguagesOfInstruction>


        <FormOfEducation scheme="Koodisto">
            <Code value="http://koodistopalvelu.opintopolku.fi/koulutusLaj/1">
                <Label>nuorten koulutus</Label>
            </Code>
        </FormOfEducation>


        <FormsOfTeaching scheme="Koodisto">

            <Code value="http://koodistopalvelu.opintopolku.fi/opetusmuoto/1">
                <Label>l&#228;hiopetus</Label>
            </Code>

        </FormsOfTeaching>


        <StartDate>2014-09-14</StartDate>


        <AcademicYear>2014</AcademicYear>


        <Duration>P3Y</Duration>


        <Assessments>


            <Assessment xml:lang="fi">
                Lorem Lipsum
            </Assessment>

        </Assessments>


        <FinalExamination>

            <Description xml:lang="fi">
                Lorem Lipsum
            </Description>

        </FinalExamination>


        <CostOfEducation>


            <NoCost></NoCost>



        </CostOfEducation>


        <Scholarship>


            <Description xml:lang="fi">
                Lorem Lipsum
            </Description>

        </Scholarship>



        <WebLinks>


            <Link type="HOME">
                <Label xml:lang="fi">Oppilaitoksen sivut</Label>
                <Uri>http://www.hel.fi/hki/Hesote/fi/Etusivu</Uri>
            </Link>

        </WebLinks>

    </LearningOpportunityInstance>







    <LearningOpportunityInstance id="I1598PK">


        <Identifier>T1598PK</Identifier>


        <SpecificationRef ref="S1598"></SpecificationRef>


        <OrganizationRef>
            <OidRef>1.2.3.4.5</OidRef>
        </OrganizationRef>


        <Prerequisite>
            Perusopetuksen oppim&#228;&#228;r&#228;. Ylioppilaat ja lukion suorittaneet eiv&#228;t hakukelpoisia.
        </Prerequisite>


        <ProfessionLabels>
            <Profession>
                <Code scheme="Koodisto">uri:ammattinimike/lahihoitaja</Code>
                <Label>L&#228;hihoitaja</Label>
            </Profession>
            <Profession>
                <Code scheme="Koodisto">uri:ammattinimike/perushoitaja</Code>
                <Label>Perushoitaja</Label>
            </Profession>
        </ProfessionLabels>


        <Keywords>
            <Keyword>
                <Label>L&#228;hihoitaja</Label>
            </Keyword>
            <Keyword>
                <Label>Hoiva-ala</Label>
            </Keyword>
            <Keyword>
                <Label>Sosiaali- ja terveys</Label>
            </Keyword>
            <Keyword>
                <Label>Kuntoutus</Label>
            </Keyword>
            <Keyword>
                <Label>fysioterapia</Label>
            </Keyword>
        </Keywords>


        <LanguagesOfInstruction scheme="ISO-639-1">


            <Code value="fi">
                <Label xml:lang="fi">Suomi</Label>
            </Code>

        </LanguagesOfInstruction>


        <FormOfEducation scheme="Koodisto">
            <Code value="http://koodistopalvelu.opintopolku.fi/koulutusLaj/1">
                <Label>nuorten koulutus</Label>
            </Code>
        </FormOfEducation>


        <FormsOfTeaching scheme="Koodisto">

            <Code value="http://koodistopalvelu.opintopolku.fi/opetusmuoto/1">
                <Label>l&#228;hiopetus</Label>
            </Code>

        </FormsOfTeaching>


        <StartDate>2014-09-14</StartDate>


        <AcademicYear>2014</AcademicYear>


        <Duration>P3Y</Duration>


        <Assessments>


            <Assessment xml:lang="fi">
                Lorem Lipsum
            </Assessment>

        </Assessments>


        <FinalExamination>

            <Description xml:lang="fi">
                Lorem Lipsum
            </Description>

        </FinalExamination>


        <CostOfEducation>


            <NoCost></NoCost>



        </CostOfEducation>


        <Scholarship>


            <Description xml:lang="fi">
                Lorem Lipsum
            </Description>

        </Scholarship>



        <WebLinks>


            <Link type="HOME">
                <Label xml:lang="fi">Oppilaitoksen sivut</Label>
                <Uri>http://www.hel.fi/hki/Hesote/fi/Etusivu</Uri>
            </Link>

        </WebLinks>

    </LearningOpportunityInstance>






    <LearningOpportunityProvider id="P1">


        <OrganizationRef>
            <OidRef>1.2.3.4.5</OidRef>
        </OrganizationRef>

        <InstitutionInfo>
            <Name>Helsingin sosiaali- ja terveysalan oppilaitos, Laakson koulutusyksikk&#246;</Name>
            <AcademicCalendar>Lorem Lipsum</AcademicCalendar>
            <AcademicAuthorities>Lorem Lipsum</AcademicAuthorities>
            <AdmissionProcedures>Lorem Lipsum</AdmissionProcedures>
            <GeneralDescription>Lorem Lipsum</GeneralDescription>
            <MainUniversityRequlations>Lorem Lipsum</MainUniversityRequlations>
        </InstitutionInfo>

        <GeneralInformation>
            <CostOfLiving>Lorem Lipsum</CostOfLiving>
            <Meals>Lorem Lipsum</Meals>
            <MedicalFacilities>Lorem Lipsum</MedicalFacilities>
            <FacilitiesForStudentsWithSpecialNeeds>Lorem Lipsum</FacilitiesForStudentsWithSpecialNeeds>
            <Insurance>Lorem Lipsum</Insurance>
            <FinancialSupport>Lorem Lipsum</FinancialSupport>
            <StudentAffairsOffice>Lorem Lipsum</StudentAffairsOffice>
            <StudyFacilities>Lorem Lipsum</StudyFacilities>
            <InternationalProgrammes>Lorem Lipsum</InternationalProgrammes>
            <MobileStudents>Lorem Lipsum</MobileStudents>
            <LanguageCourses>Lorem Lipsum</LanguageCourses>
            <Internships>Lorem Lipsum</Internships>
            <SportsFacilities>Lorem Lipsum</SportsFacilities>
            <ExtraMuralAndLeisureFacilities>Lorem Lipsum</ExtraMuralAndLeisureFacilities>
            <StudentAssociations>Lorem Lipsum</StudentAssociations>
        </GeneralInformation>

    </LearningOpportunityProvider>





    <ApplicationSystem>
        <Name>
            <Text xml:lang="fi">Yhteishaku</Text>
        </Name>
    </ApplicationSystem>







    <ApplicationOption>


        <Identifier>776</Identifier>


        <Title xml:lang="fi">Ensihoidon koulutusohjelma, yo</Title>


        <ApplicationSystemRef>


            <OidRef>1.2.3.4.5</OidRef>

        </ApplicationSystemRef>


        <EligibilityRequirements>


            <Description xml:lang="fi">
                peruskoulu/yo-pohjaisiin kohteisiin lukio
            </Description>

        </EligibilityRequirements>


        <SelectionCriterions>


            <StartingQuota>20</StartingQuota>


            <LastYearMinScore>20</LastYearMinScore>


            <LastYearMaxScore>30</LastYearMaxScore>


            <LastYearTotalApplicants>300</LastYearTotalApplicants>


            <Description xml:lang="fi">
                Lorem Lipsum
            </Description>


            <EntranceExaminations>


                <Description xml:lang="fi">
                    Vapaamuotoinen kuvaus kaikista valintakokeista.
                </Description>


                <Examination>


                    <ExaminationType>
                        <Title xml:lang="fi">P&#228;&#228;sy- ja soveltuvuuskoe</Title>
                    </ExaminationType>


                    <Description xml:lang="fi">
                        Lorem Lipsum
                    </Description>


                    <ExaminationEvent>


                        <Start>2013-09-20T10:00:00</Start>


                        <End>2013-09-20T14:00:00</End>


                        <Locations>


                            <Location>
                                <Name>Aalto Auditorio</Name>
                                <AddressLine>Mannerheimintie 3</AddressLine>
                                <PostalCode>00100</PostalCode>
                                <City>Helsinki</City>
                            </Location>

                        </Locations>

                    </ExaminationEvent>

                </Examination>

            </EntranceExaminations>


            <Attachments>

                <Attachment>


                    <Type>
                        <Value>LT1</Value>
                        <Label>Ennakkoteht&#228;v&#228;</Label>
                    </Type>


                    <Description>
                        <Text xml:lang="fi">
                            Liitteen sanallinen kuvaus hakijalle.
                        </Text>
                    </Description>


                    <Return>


                        <DueDate>2013-04-05T00:00:00</DueDate>


                        <To>
                            <EmailAddress>palauta.liite@koulu.edu.fi</EmailAddress>
                            <PostalAddress>
                                <Company>Helsingin sosiaali- ja terveysalan oppilaitos, Laakson koulutusyksikk&#246;</Company>
                                <AddressLine>Mannerheimintie 3</AddressLine>
                                <PostalCode>00100</PostalCode>
                                <City>Helsinki</City>
                            </PostalAddress>
                        </To>

                    </Return>

                </Attachment>

            </Attachments>


        </SelectionCriterions>


        <LearningOpportunities>
            <InstanceRef ref="I1508YO"></InstanceRef>
        </LearningOpportunities>


        <Description xml:lang="fi">
            Lorem Lipsum
        </Description>

    </ApplicationOption>






    <ApplicationOption>


        <Identifier>873</Identifier>


        <Title xml:lang="fi">Sosiaali- ja terveysalan perustutkinto, pk</Title>


        <ApplicationSystemRef>


            <OidRef>1.2.3.4.5</OidRef>

        </ApplicationSystemRef>


        <EligibilityRequirements>


            <Description xml:lang="fi">
                peruskoulu/yo-pohjaisiin kohteisiin lukio
            </Description>

        </EligibilityRequirements>


        <SelectionCriterions>


            <StartingQuota>100</StartingQuota>


            <LastYearMinScore>20</LastYearMinScore>


            <LastYearMaxScore>30</LastYearMaxScore>


            <LastYearTotalApplicants>300</LastYearTotalApplicants>


            <Description xml:lang="fi">
                Lorem Lipsum
            </Description>


            <EntranceExaminations>


                <Description xml:lang="fi">
                    Vapaamuotoinen kuvaus kaikista valintakokeista.
                </Description>


                <Examination>


                    <ExaminationType>
                        <Title xml:lang="fi">P&#228;&#228;sy- ja soveltuvuuskoe</Title>
                    </ExaminationType>


                    <Description xml:lang="fi">
                        Lorem Lipsum
                    </Description>


                    <ExaminationEvent>


                        <Start>2013-09-20T10:00:00</Start>


                        <End>2013-09-20T14:00:00</End>


                        <Locations>


                            <Location>
                                <Name>Aalto Auditorio</Name>
                                <AddressLine>Mannerheimintie 3</AddressLine>
                                <PostalCode>00100</PostalCode>
                                <City>Helsinki</City>
                            </Location>

                        </Locations>

                    </ExaminationEvent>

                </Examination>

            </EntranceExaminations>


            <Attachments>

                <Attachment>


                    <Type>
                        <Value>LT1</Value>
                        <Label>Ennakkoteht&#228;v&#228;</Label>
                    </Type>


                    <Description>
                        <Text xml:lang="fi">
                            Liitteen sanallinen kuvaus hakijalle.
                        </Text>
                    </Description>


                    <Return>


                        <DueDate>2013-04-05T00:00:00</DueDate>


                        <To>
                            <EmailAddress>palauta.liite@koulu.edu.fi</EmailAddress>
                            <PostalAddress>
                                <Company>Helsingin sosiaali- ja terveysalan oppilaitos, Laakson koulutusyksikk&#246;</Company>
                                <AddressLine>Mannerheimintie 3</AddressLine>
                                <PostalCode>00100</PostalCode>
                                <City>Helsinki</City>
                            </PostalAddress>
                        </To>

                    </Return>

                </Attachment>

            </Attachments>


        </SelectionCriterions>


        <LearningOpportunities>
            <InstanceRef ref="I1508PK"></InstanceRef>
            <InstanceRef ref="I1514PK"></InstanceRef>
            <InstanceRef ref="I1598PK"></InstanceRef>
        </LearningOpportunities>


        <Description xml:lang="fi">
            Lorem Lipsum
        </Description>

    </ApplicationOption>

</a:LearningOpportunityDownloadData>