<?xml version="1.0" encoding="UTF-8"?>
<persistence version="2.0"
             xmlns="http://java.sun.com/xml/ns/persistence" xmlns:xsi="http://www.w3.org/2001/XMLSchema-instance"
             xsi:schemaLocation="http://java.sun.com/xml/ns/persistence
 http://java.sun.com/xml/ns/persistence/persistence_2_0.xsd">


    <persistence-unit name="tarjonta" transaction-type="RESOURCE_LOCAL">

        <provider>org.hibernate.ejb.HibernatePersistence</provider>

        <class>fi.vm.sade.tarjonta.model.Koulutusmoduuli</class>
        <class>fi.vm.sade.tarjonta.model.KoulutusmoduuliToteutus</class>
        <class>fi.vm.sade.tarjonta.model.KoulutusSisaltyvyys</class>
        <class>fi.vm.sade.tarjonta.model.KoodistoUri</class>
        <class>fi.vm.sade.tarjonta.model.Oid</class>
        <class>fi.vm.sade.tarjonta.model.Haku</class>
        <class>fi.vm.sade.tarjonta.model.Hakuaika</class>
        <class>fi.vm.sade.tarjonta.model.Hakukohde</class>
        <class>fi.vm.sade.tarjonta.model.HakukohdeLiite</class>
        <class>fi.vm.sade.tarjonta.model.Valintakoe</class>
        <class>fi.vm.sade.tarjonta.model.ValintakoeAjankohta</class>
        <class>fi.vm.sade.tarjonta.model.ValintakoeOsoite</class>
        <class>fi.vm.sade.tarjonta.model.MonikielinenTeksti</class>
        <class>fi.vm.sade.tarjonta.model.TekstiKaannos</class>
        <class>fi.vm.sade.tarjonta.model.Yhteyshenkilo</class>

        <properties>
            <property name="hibernate.hbm2ddl.auto" value="update" />
            <property name="hibernate.show_sql" value="false" />
            <property name="hibernate.dialect" value="org.hibernate.dialect.HSQLDialect" />
            <property name="hibernate.connection.driver_class" value="org.hsqldb.jdbcDriver" />
            <property name="hibernate.connection.url" value="jdbc:hsqldb:mem:tarjonta" />
            <property name="hibernate.connection.username" value="sa" />
            <property name="hibernate.connection.password" value="" />

            <property name="hibernate.c3p0.min_size" value="5" />
            <property name="hibernate.c3p0.max_size" value="20" />
            <property name="hibernate.c3p0.timeout" value="300" />
            <property name="hibernate.c3p0.max_statements" value="50" />
            <property name="hibernate.c3p0.idle_test_period" value="3000" />
        </properties>

    </persistence-unit>

</persistence>



