<?xml version="1.0" encoding="UTF-8"?>
<beans xmlns="http://www.springframework.org/schema/beans"
       xmlns:xsi="http://www.w3.org/2001/XMLSchema-instance"
       xsi:schemaLocation="http://www.springframework.org/schema/beans http://www.springframework.org/schema/beans/spring-beans.xsd">

    <bean id="tarjontaWidgetFactory" class="fi.vm.sade.tarjonta.widget.factory.TarjontaWidgetFactory"/>
    <bean id="koulutusmoduuliAdminService" class="fi.vm.sade.tarjonta.service.mock.KoulutusmoduuliAdminServiceMock"/>

</beans>
