<?xml version='1.0' encoding='UTF-8'?>
<dataset>
    <koodisto_koodi id="maa/1/fi#1" koodi_uri="maa/1/fi" koodi_versio="1" koodisto_uri="maat" koodisto_versio="1" koodi_arvo="fi" koodi_nimi_fi="suomi" koodi_nimi_en="finland" koodi_nimi_sv="finland"/>
    <koodisto_koodi id="maa/1/uk#1" koodi_uri="maa/1/uk" koodi_versio="1" koodisto_uri="maat" koodisto_versio="1" koodi_arvo="uk" koodi_nimi_fi="enlanti" koodi_nimi_en="united kingdom"/>
    <koodisto_koodi id="maa/1/af#1" koodi_uri="maa/1/af" koodi_versio="1" koodisto_uri="maat" koodisto_versio="1" koodi_arvo="af" koodi_nimi_fi="afganistan" koodi_nimi_en="afganistan"/>


    <!-- latest version of maat -koodisto -->
    <koodisto_koodi id="maa/2/fi#1" koodi_uri="maa/2/fi" koodi_versio="1" koodisto_uri="maat" koodisto_versio="2" koodi_arvo="fi" koodi_nimi_fi="suomi" koodi_nimi_en="finland" koodi_nimi_sv="finland"/>
    <koodisto_koodi id="maa/2/uk#1" koodi_uri="maa/2/uk" koodi_versio="1" koodisto_uri="maat" koodisto_versio="2" koodi_arvo="uk" koodi_nimi_fi="enlanti" koodi_nimi_en="united kingdom"/>

</dataset>
