<?xml version="1.0" encoding="UTF-8"?>
<beans xmlns="http://www.springframework.org/schema/beans"
       xmlns:xsi="http://www.w3.org/2001/XMLSchema-instance"
       xsi:schemaLocation="http://www.springframework.org/schema/beans http://www.springframework.org/schema/beans/spring-beans.xsd">

    <!--
    Loaded via annotation scanning. Loading here explicitly can cause Spring context loading to fail.
    <bean id="publicationDataService" class="fi.vm.sade.tarjonta.publication.impl.PublicationDataServiceImpl"/>
    -->

</beans>
