<?xml version="1.0" encoding="UTF-8"?>
<beans xmlns="http://www.springframework.org/schema/beans"
       xmlns:xsi="http://www.w3.org/2001/XMLSchema-instance"
       xmlns:context="http://www.springframework.org/schema/context"
       xmlns:mockito="http://www.mockito.org/spring/mockito"
       xmlns:jaxws="http://cxf.apache.org/jaxws"
       xsi:schemaLocation="http://www.springframework.org/schema/beans 
        http://www.springframework.org/schema/beans/spring-beans.xsd
        http://www.springframework.org/schema/context
        http://www.springframework.org/schema/context/spring-context.xsd
        http://www.mockito.org/spring/mockito classpath:spring/mockito.xsd
        http://cxf.apache.org/jaxws http://cxf.apache.org/schemas/jaxws.xsd"
>

    <context:annotation-config />
    <context:component-scan base-package="fi.vm.sade.tarjonta" />
    <import resource="classpath:META-INF/spring/context/service-context.xml"/>
    <import resource="test-dao-context.xml" />
    <import resource="test-publication-context.xml"/>
    
    <mockito:mock id="organisaatioService" class="fi.vm.sade.organisaatio.api.model.OrganisaatioService"/>
                   
    <mockito:mock id="koodiPublicService" class="fi.vm.sade.koodisto.service.KoodiService"/>

    <mockito:mock id="koodistoPublicService" class="fi.vm.sade.koodisto.service.KoodistoService"/>
    
    <bean id="tarjontaHakuResource" class="fi.vm.sade.tarjonta.service.impl.resources.HakuResourceImpl"/>
    <bean id="tarjontaHakukohdeResource" class="fi.vm.sade.tarjonta.service.impl.resources.HakukohdeResourceImpl"/>
    <bean id="tarjontaKomoResource" class="fi.vm.sade.tarjonta.service.impl.resources.KomoResourceImpl" />
    <bean id="tarjontaKomotoResource" class="fi.vm.sade.tarjonta.service.impl.resources.KomotoResourceImpl" />
    
    <!-- 
        Create a dynamic mock class for the jms message sender. 
        Read more : https://bitbucket.org/kubek2k/springockito/wiki/Home
    -->
    <mockito:mock id="eventSender" class="fi.vm.sade.events.EventSender" />

    <bean id="conversionService"
          class="fi.vm.sade.generic.service.conversion.SadeConversionServiceFactoryBean">
        <property name="converters">
            <list>
                <bean class="fi.vm.sade.tarjonta.service.impl.conversion.HakuFromDTOConverter"/>
                <bean class="fi.vm.sade.tarjonta.service.impl.conversion.HakuToDTOConverter"/>

                <bean class="fi.vm.sade.tarjonta.service.impl.conversion.HakueraToSimpleDTOConverter"/>
                <bean class="fi.vm.sade.tarjonta.service.impl.conversion.HakueraFromSimpleDTOConverter"/>

                <bean class="fi.vm.sade.tarjonta.service.impl.conversion.HakueraToDTOConverter"/>
                <bean class="fi.vm.sade.tarjonta.service.impl.conversion.HakueraFromDTOConverter"/>

                <bean class="fi.vm.sade.tarjonta.service.impl.conversion.HakukohdeFromDTOConverter"/>
                <bean class="fi.vm.sade.tarjonta.service.impl.conversion.HakukohdeToDTOConverter"/>

                <bean class="fi.vm.sade.tarjonta.service.impl.conversion.HakukohdeLiiteFromDTOConverter"/>
                <bean class="fi.vm.sade.tarjonta.service.impl.conversion.HakukohdeLiiteToDTOConverter"/>

                <bean class="fi.vm.sade.tarjonta.service.impl.conversion.ValintakoeFromDTOConverter"/>
                <bean class="fi.vm.sade.tarjonta.service.impl.conversion.ValintakoeToDTOConverter"/>
            </list>
        </property>
    </bean>
    
    <bean id="hakukohdeSolrConverter" class="fi.vm.sade.tarjonta.service.search.HakukohdeToSolrInputDocumentFunction" ></bean>
    <bean id="koulutusSolrConverter" class="fi.vm.sade.tarjonta.service.search.KoulutusmoduuliToteutusToSolrInputDocumentFunction" ></bean>

</beans>
