<?xml version="1.0" encoding="UTF-8"?>
<beans xmlns="http://www.springframework.org/schema/beans"
       xmlns:xsi="http://www.w3.org/2001/XMLSchema-instance"
       xmlns:task="http://www.springframework.org/schema/task"
       xmlns:cxf="http://cxf.apache.org/core"
       xmlns:jaxws="http://cxf.apache.org/jaxws"
       xsi:schemaLocation="http://www.springframework.org/schema/beans http://www.springframework.org/schema/beans/spring-beans.xsd
       http://cxf.apache.org/jaxws http://cxf.apache.org/schemas/jaxws.xsd
       http://www.springframework.org/schema/task http://www.springframework.org/schema/task/spring-task-3.0.xsd
       http://cxf.apache.org/core http://cxf.apache.org/schemas/core.xsd
       http://cxf.apache.org/jaxws http://cxf.apache.org/schemas/jaxws.xsd">


    <bean id="koodiPublicService"
          class="fi.vm.sade.koodisto.service.mock.KoodiServiceMock"/>

    <bean id="koodistoPublicService"
          class="fi.vm.sade.koodisto.service.mock.KoodistoServiceMock"/>


    <bean id="syncKoodistoJobDetail" class="org.springframework.scheduling.quartz.MethodInvokingJobDetailFactoryBean">
        <property name="targetObject" ref="syncKoodistoTask"/>
        <property name="targetMethod" value="execute"/>
    </bean>


    <bean id="syncKoodistoByScheduleTrigger" class="org.springframework.scheduling.quartz.CronTriggerBean">
        <property name="jobDetail" ref="syncKoodistoJobDetail"/>
        <property name="cronExpression" value="0 0 22 * * ?"/>
        <property name="startDelay" value="5000"/>
    </bean>


    <bean id="syncKoodistoAtStartUpTrigger" class="org.springframework.scheduling.quartz.SimpleTriggerBean">
        <property name="jobDetail" ref="syncKoodistoJobDetail"/>
        <property name="repeatCount" value="0"/>
        <property name="repeatInterval" value="1"/>
        <property name="startDelay" value="1"/>
    </bean>


    <bean id="syncKoodistoHandler" class="fi.vm.sade.tarjonta.koodisto.sync.SimpleSyncTaskListener">
    </bean>

    <bean id="syncKoodistoTask" class="fi.vm.sade.tarjonta.koodisto.sync.KoodistoSyncTask">
        <property name="koodistoSyncSpecs">
            <set value-type="java.lang.String">
                <value>HAKUTAPA#2</value>
            </set>
        </property>
        <property name="listeners">
            <ref bean="syncKoodistoHandler"/>
        </property>
    </bean>

    <bean class="org.springframework.scheduling.quartz.SchedulerFactoryBean">
        <property name="triggers">
            <list>
                <ref bean="syncKoodistoAtStartUpTrigger" />
                <ref bean="syncKoodistoByScheduleTrigger" />
            </list>
        </property>
    </bean>

</beans>
