<?xml version="1.0" encoding="UTF-8"?>
<beans xmlns="http://www.springframework.org/schema/beans"
       xmlns:xsi="http://www.w3.org/2001/XMLSchema-instance"
       xmlns:context="http://www.springframework.org/schema/context"
       xmlns:mockito="http://www.mockito.org/spring/mockito"
       xmlns:jaxws="http://cxf.apache.org/jaxws"
       xsi:schemaLocation="http://www.springframework.org/schema/beans
        http://www.springframework.org/schema/beans/spring-beans.xsd
        http://www.springframework.org/schema/context
        http://www.springframework.org/schema/context/spring-context.xsd
        http://www.mockito.org/spring/mockito classpath:spring/mockito.xsd
        http://cxf.apache.org/jaxws http://cxf.apache.org/schemas/jaxws.xsd"
>

    <context:annotation-config />
    <context:component-scan base-package="fi.vm.sade.tarjonta" />

    <import resource="classpath:META-INF/spring/context/service-context.xml"/>
    <import resource="test-dao-context.xml" />
    <import resource="classpath:/META-INF/spring/logger-mock-context.xml" />

    <mockito:mock id="organisaatioService" class="fi.vm.sade.organisaatio.api.model.OrganisaatioService"/>
    <mockito:mock id="organisaatioSearchService" class="fi.vm.sade.organisaatio.service.search.OrganisaatioSearchService"/>

    <mockito:mock id="koodiPublicService" class="fi.vm.sade.koodisto.service.KoodiService"/>

    <mockito:mock id="koodistoPublicService" class="fi.vm.sade.koodisto.service.KoodistoService"/>
    <mockito:mock id="parameterServices" class="fi.vm.sade.tarjonta.shared.ParameterServices"/>
    <mockito:mock id="oidService" class="fi.vm.sade.tarjonta.service.OidService"/>

    <bean id="tarjontaHakuResource" class="fi.vm.sade.tarjonta.service.impl.resources.HakuResourceImpl"/>
    <bean id="tarjontaHakukohdeResource" class="fi.vm.sade.tarjonta.service.impl.resources.HakukohdeResourceImpl"/>
    <bean id="tarjontaHakukohdeResourceV1" class="fi.vm.sade.tarjonta.service.impl.resources.v1.HakukohdeResourceImplV1"/>
    <bean id="tarjontaKoulutusResource" class="fi.vm.sade.tarjonta.service.impl.resources.v1.KoulutusResourceImplV1"/>
    <bean id="tarjontaKomoResource" class="fi.vm.sade.tarjonta.service.impl.resources.KomoResourceImpl" />
    <bean id="tarjontaKomotoResource" class="fi.vm.sade.tarjonta.service.impl.resources.KomotoResourceImpl" />
    <bean id="linkingResourceV1" class="fi.vm.sade.tarjonta.service.impl.resources.v1.LinkingResourceImplV1" />
    <bean id="processResourceV1" class="fi.vm.sade.tarjonta.service.impl.resources.v1.ProcessResourceV1Impl"/>

    <bean id="tarjontaHakuResourceV1" class="fi.vm.sade.tarjonta.service.impl.resources.v1.HakuResourceImplV1"/>

    <bean id="massCopyProcess" scope="prototype" class="fi.vm.sade.tarjonta.service.impl.resources.v1.process.MassCopyProcess"/>
    <bean id="massPasteProcess" scope="prototype" class="fi.vm.sade.tarjonta.service.impl.resources.v1.process.MassPasteProcess"/>
    <bean id="processTest" scope="prototype" class="fi.vm.sade.tarjonta.service.impl.resources.v1.process.TestProcess"/>
    
    

    <!--
        Create a dynamic mock class for the jms message sender.
        Read more : https://bitbucket.org/kubek2k/springockito/wiki/Home
    -->
    <mockito:mock id="eventSender" class="fi.vm.sade.events.EventSender" />

    <mockito:mock id="auditLogger" class="fi.vm.sade.log.client.Logger" />
</beans>
